Arguments: 
  C:\Program Files\nodejs\node.exe C:\Users\Yazid\AppData\Roaming\npm\node_modules\yarn\bin\yarn.js install

PATH: 
  C:\PROGRAMDATA\ORACLE\JAVA\JAVAPATH;C:\PROGRAM FILES (X86)\LENOVO\FUSIONENGINE;C:\PROGRAM FILES\BROADCOM\BROADCOM 802.11 NETWORK ADAPTER;C:\PROGRAM FILES (X86)\INTEL\ICLS CLIENT\;C:\PROGRAM FILES\INTEL\ICLS CLIENT\;C:\WINDOWS\SYSTEM32;C:\WINDOWS;C:\WINDOWS\SYSTEM32\WBEM;C:\WINDOWS\SYSTEM32\WINDOWSPOWERSHELL\V1.0\;C:\PROGRAM FILES\INTEL\INTEL(R) MANAGEMENT ENGINE COMPONENTS\DAL;C:\PROGRAM FILES (X86)\INTEL\INTEL(R) MANAGEMENT ENGINE COMPONENTS\DAL;C:\PROGRAM FILES\INTEL\INTEL(R) MANAGEMENT ENGINE COMPONENTS\IPT;C:\PROGRAM FILES (X86)\INTEL\INTEL(R) MANAGEMENT ENGINE COMPONENTS\IPT;C:\PROGRAM FILES (X86)\LENOVO\MOTION CONTROL\;C:\PROGRAM FILES (X86)\COMMON FILES\LENOVO\EASYPLUSSDK\BIN;C:\PROGRAM FILES (X86)\WINDOWS LIVE\SHARED;C:\Program Files\Cloud Foundry;C:\Program Files\Git\cmd;C:\PHP_test;C:\ProgramData\ComposerSetup\bin;C:\Program Files (x86)\Skype\Phone\;C:\WINDOWS\system32;C:\WINDOWS;C:\WINDOWS\System32\Wbem;C:\WINDOWS\System32\WindowsPowerShell\v1.0\;C:\Users\Yazid\AppData\Roaming\nvm;C:\Program Files\nodejs;C:\Program Files\Java\jdk1.8.0_152\bin;C:\Users\Yazid\Anaconda3;C:\Users\Yazid\Anaconda3\Scripts;C:\Users\Yazid\Anaconda3\Library\bin;C:\Users\Yazid\AppData\Local\Microsoft\WindowsApps;C:\OpenSSL\bin;C:\antiword;C:\Users\Yazid\AppData\Roaming\Composer\vendor\bin;C:\Users\Yazid\AppData\Roaming\npm;C:\Users\Yazid\AppData\Roaming\nvm;C:\Program Files\nodejs;

Yarn version: 
  1.3.2

Node version: 
  9.2.0

Platform: 
  win32 x64

npm manifest: 
  {
    "name": "Linkapp",
    "version": "1.0.0-SNAPSHOT",
    "main": "index.js",
    "scripts": {
      "start": "dotenv nodemon src/index.js",
      "prod": "dotenv node src/index.js",
      "setup-env": "node -e \"(fs => fs.existsSync('.env') || fs.copyFileSync('.env.example', '.env'))(require('fs'))\"",
      "test": "eslint src/",
      "apidoc": "apidoc -i src/ -o doc/"
    },
    "keywords": [
      "react",
      "express",
      "boilerplate"
    ],
    "license": "MIT",
    "apidoc": {
      "title": "ApiDoc pour le projet Linkapp",
      "url": "/api/",
      "sampleUrl": "http://localhost:4000/api/"
    },
    "dependencies": {
      "bcrypt-nodejs": "0.0.3",
      "body-parser": "^1.18.2",
      "connect-multiparty": "^2.1.0",
      "cookie-parser": "~1.4.3",
      "cors": "^2.8.4",
      "debug": "~2.6.0",
      "dotenv-cli": "^1.4.0",
      "express": "^4.16.2",
      "express-jwt": "^5.3.0",
      "express-session": "^1.15.2",
      "gridfs-stream": "^1.1.1",
      "jsonwebtoken": "^8.1.0",
      "mongoose": "^4.9.3",
      "mongoose-seed": "^0.4.1",
      "morgan": "^1.7.0",
      "multer": "^1.3.0",
      "multer-gridfs-storage": "^3.0.0",
      "npm": "^5.7.1",
      "passport": "^0.4.0",
      "passport-jwt": "^2.2.1",
      "passport-local": "^1.0.0",
      "serve-favicon": "~2.3.2",
      "serve-static": "^1.13.1",
      "validator": "^9.3.0"
    },
    "devDependencies": {
      "apidoc": "^0.17.6",
      "eslint": "^4.16.0",
      "eslint-config-airbnb-base": "^12.1.0",
      "eslint-plugin-import": "^2.8.0",
      "nodemon": "^1.14.11"
    }
  }

yarn manifest: 
  No manifest

Lockfile: 
  No lockfile

Trace: 
  Error: connect ETIMEDOUT 104.16.63.173:443
      at Object._errnoException (util.js:1031:13)
      at _exceptionWithHostPort (util.js:1052:20)
      at TCPConnectWrap.afterConnect [as oncomplete] (net.js:1195:14)
